Using CPython 3.11.14 interpreter at: /usr/bin/python3.11
error: failed to remove directory `/glade/u/home/sah/mridul/thelogicalqubit-yquantum2026/.venv/lib`: Not a directory (os error 20)
Removed virtual environment at: .venv
Creating virtual environment at: .venv
Resolved 162 packages in 1ms
Downloading pygments (1.2MiB)
Downloading kiwisolver (1.4MiB)
Downloading galois (4.0MiB)
Downloading pytket (7.9MiB)
Downloading sympy (6.0MiB)
Downloading cytoolz (2.7MiB)
Downloading cryptography (4.3MiB)
Downloading scipy (33.7MiB)
Downloading pydantic-core (2.0MiB)
Downloading networkx (2.0MiB)
Downloading babel (9.7MiB)
Downloading widgetsnbextension (2.1MiB)
Downloading fonttools (4.8MiB)
Downloading quimb (1.9MiB)
Downloading pillow (6.8MiB)
Downloading symengine (48.1MiB)
Downloading llvmlite (53.7MiB)
Downloading debugpy (3.0MiB)
Downloading rustworkx (2.1MiB)
Downloading qiskit-aer (11.8MiB)
Downloading jedi (1.5MiB)
Downloading numba (3.6MiB)
Downloading matplotlib (8.3MiB)
Downloading cupy-cuda12x (128.8MiB)
Downloading notebook (13.9MiB)
Downloading numpy (16.1MiB)
Downloading jupyterlab (11.9MiB)
Downloading qiskit-ibm-runtime (1.4MiB)
Downloading qiskit (8.4MiB)
 Downloaded kiwisolver
   Building pylatexenc==2.10
 Downloaded quimb
 Downloaded pydantic-core
 Downloaded widgetsnbextension
 Downloaded rustworkx
 Downloaded pygments
 Downloaded qiskit-ibm-runtime
 Downloaded cytoolz
 Downloaded debugpy
 Downloaded networkx
 Downloaded galois
 Downloaded cryptography
 Downloaded fonttools
 Downloaded numba
      Built pylatexenc==2.10
 Downloaded pillow
 Downloaded pytket
 Downloaded matplotlib
 Downloaded babel
 Downloaded qiskit-aer
 Downloaded jupyterlab
 Downloaded sympy
 Downloaded notebook
 Downloaded numpy
 Downloaded qiskit
 Downloaded symengine
 Downloaded llvmlite
 Downloaded jedi
 Downloaded scipy
 Downloaded cupy-cuda12x
Prepared 148 packages in 20.01s
Installed 148 packages in 3.78s
 + annotated-types==0.7.0
 + anyio==4.13.0
 + argon2-cffi==25.1.0
 + argon2-cffi-bindings==25.1.0
 + arrow==1.4.0
 + asttokens==3.0.1
 + async-lru==2.3.0
 + attrs==26.1.0
 + autoray==0.8.10
 + babel==2.18.0
 + beautifulsoup4==4.14.3
 + bleach==6.3.0
 + bluequbit==0.18.5b1
 + certifi==2026.2.25
 + cffi==2.0.0
 + charset-normalizer==3.4.7
 + comm==0.2.3
 + contourpy==1.3.3
 + cotengra==0.7.5
 + cryptography==46.0.6
 + cuda-pathfinder==1.5.1
 + cupy-cuda12x==14.0.1
 + cycler==0.12.1
 + cytoolz==1.1.0
 + debugpy==1.8.20
 + decorator==5.2.1
 + defusedxml==0.7.1
 + dill==0.4.1
 + executing==2.2.1
 + fastjsonschema==2.21.2
 + fonttools==4.62.1
 + fqdn==1.5.1
 + galois==0.4.10
 + graphviz==0.21
 + h11==0.16.0
 + httpcore==1.0.9
 + httpx==0.28.1
 + ibm-cloud-sdk-core==3.24.4
 + ibm-platform-services==0.74.0
 + ibm-quantum-schemas==0.5.20260320
 + idna==3.11
 + ipykernel==7.2.0
 + ipython==9.10.1
 + ipython-pygments-lexers==1.1.1
 + ipywidgets==8.1.8
 + isoduration==20.11.0
 + jedi==0.19.2
 + jinja2==3.1.6
 + json5==0.14.0
 + jsonpointer==3.1.1
 + jsonschema==4.26.0
 + jsonschema-specifications==2025.9.1
 + jupyter-client==8.8.0
 + jupyter-core==5.9.1
 + jupyter-events==0.12.0
 + jupyter-lsp==2.3.1
 + jupyter-server==2.17.0
 + jupyter-server-terminals==0.5.4
 + jupyterlab==4.5.6
 + jupyterlab-pygments==0.3.0
 + jupyterlab-server==2.28.0
 + jupyterlab-widgets==3.0.16
 + kiwisolver==1.5.0
 + lark==1.3.1
 + llvmlite==0.47.0
 + markupsafe==3.0.3
 + matplotlib==3.10.8
 + matplotlib-inline==0.2.1
 + mistune==3.2.0
 + mpmath==1.3.0
 + nbclient==0.10.4
 + nbconvert==7.17.0
 + nbformat==5.10.4
 + nest-asyncio==1.6.0
 + networkx==3.6.1
 + notebook==7.5.5
 + notebook-shim==0.2.4
 + numba==0.65.0
 + numpy==2.4.4
 + orjson==3.11.8
 + overrides==7.7.0
 + packaging==26.0
 + pandocfilters==1.5.1
 + parso==0.8.6
 + pexpect==4.9.0
 + pillow==12.2.0
 + platformdirs==4.9.4
 + prometheus-client==0.24.1
 + prompt-toolkit==3.0.52
 + psutil==7.2.2
 + ptyprocess==0.7.0
 + pure-eval==0.2.3
 + pybase64==1.4.3
 + pycparser==3.0
 + pydantic==2.12.5
 + pydantic-core==2.41.5
 + pygments==2.20.0
 + pyjwt==2.12.1
 + pylatexenc==2.10
 + pyparsing==3.3.2
 + pyperclip==1.11.0
 + pyspnego==0.12.1
 + python-dateutil==2.9.0.post0
 + python-json-logger==4.1.0
 + pytket==2.16.0
 + pytket-qiskit==0.77.0
 + pyyaml==6.0.3
 + pyzmq==27.1.0
 + pyzx==0.10.0
 + qiskit==2.3.1
 + qiskit-aer==0.17.2
 + qiskit-ibm-runtime==0.46.1
 + quimb==1.13.0
 + qwasm==1.0.1
 + referencing==0.37.0
 + requests==2.33.1
 + requests-ntlm==1.3.0
 + rfc3339-validator==0.1.4
 + rfc3986-validator==0.1.1
 + rfc3987-syntax==1.1.0
 + rpds-py==0.30.0
 + rustworkx==0.17.1
 + samplomatic==0.17.1
 + scipy==1.17.1
 + send2trash==2.1.0
 + setuptools==82.0.1
 + six==1.17.0
 + soupsieve==2.8.3
 + stack-data==0.6.3
 + stevedore==5.7.0
 + symengine==0.14.1
 + sympy==1.14.0
 + terminado==0.18.1
 + tinycss2==1.4.0
 + toolz==1.1.0
 + tornado==6.5.5
 + tqdm==4.67.3
 + traitlets==5.14.3
 + typing-extensions==4.15.0
 + typing-inspection==0.4.2
 + tzdata==2026.1
 + uri-template==1.3.0
 + urllib3==2.6.3
 + wcwidth==0.6.0
 + webcolors==25.10.0
 + webencodings==0.5.1
 + websocket-client==1.9.0
 + widgetsnbextension==4.0.15
[GPU] CuPy on Tesla V100-SXM2-32GB
Circuit: P10_eternal_mountain.qasm
Qubits: 56, Gates: 3836
Config: max_bond=256, threshold=9999, samples=2000


============================================================
  MPO PIPELINE: 56 qubits, 3836 gates
============================================================
Transpiled: 3836 → 56897 gates
Ops: 56897, split at 28448
Resolved 162 packages in 1ms
Audited 148 packages in 353ms
[GPU] CuPy on Tesla V100-SXM2-32GB
Circuit: P10_eternal_mountain.qasm
Qubits: 56, Gates: 3836
Config: max_bond=256, threshold=9999, samples=2000


============================================================
  MPO PIPELINE: 56 qubits, 3836 gates
============================================================
Transpiled: 3836 → 56897 gates
Ops: 56897, split at 28448
  [ 1000] UNSWAP (bond=256, elems=9515296)
Unswap start: bonds=[4, 16, 64, 256, 256, 256, 256, 256, 256, 256, 256, 256, 256, 256, 256, 256, 256, 256, 128, 128, 256, 256, 256, 256, 256, 256, 128, 256, 256, 256, 256, 256, 256, 256, 256, 256, 256, 256, 256, 256, 256, 256, 64, 64, 128, 128, 32, 32, 16, 16, 4, 8, 8, 8, 4], max=256, elems=9515296
  swap 1: pos=(3,4), side=both, bond 256→64, bonds=[4, 16, 64, 64, 256, 256, 256, 256, 256, 256, 256, 256, 256, 256, 256, 256, 256, 256, 128, 128, 256, 256, 256, 256, 256, 256, 128, 256, 256, 256, 256, 256, 256, 256, 256, 256, 256, 256, 256, 256, 256, 256, 64, 64, 128, 128, 32, 32, 16, 16, 4, 8, 8, 8, 4]
  swap 2: pos=(4,5), side=right, bond 256→64, bonds=[4, 16, 64, 64, 64, 256, 256, 256, 256, 256, 256, 256, 256, 256, 256, 256, 256, 256, 128, 128, 256, 256, 256, 256, 256, 256, 128, 256, 256, 256, 256, 256, 256, 256, 256, 256, 256, 256, 256, 256, 256, 256, 64, 64, 128, 128, 32, 32, 16, 16, 4, 8, 8, 8, 4]
  swap 3: pos=(13,14), side=right, bond 256→128, bonds=[4, 16, 64, 64, 64, 256, 256, 256, 256, 256, 256, 256, 256, 128, 256, 256, 256, 256, 128, 128, 256, 256, 256, 256, 256, 256, 128, 256, 256, 256, 256, 256, 256, 256, 256, 256, 256, 256, 256, 256, 256, 256, 64, 64, 128, 128, 32, 32, 16, 16, 4, 8, 8, 8, 4]
  swap 4: pos=(14,15), side=right, bond 256→128, bonds=[4, 16, 64, 64, 64, 256, 256, 256, 256, 256, 256, 256, 256, 128, 128, 256, 256, 256, 128, 128, 256, 256, 256, 256, 256, 256, 128, 256, 256, 256, 256, 256, 256, 256, 256, 256, 256, 256, 256, 256, 256, 256, 64, 64, 128, 128, 32, 32, 16, 16, 4, 8, 8, 8, 4]
  swap 5: pos=(15,16), side=left, bond 256→64, bonds=[4, 16, 64, 64, 64, 256, 256, 256, 256, 256, 256, 256, 256, 128, 128, 64, 256, 256, 128, 128, 256, 256, 256, 256, 256, 256, 128, 256, 256, 256, 256, 256, 256, 256, 256, 256, 256, 256, 256, 256, 256, 256, 64, 64, 128, 128, 32, 32, 16, 16, 4, 8, 8, 8, 4]
  swap 6: pos=(16,17), side=left, bond 256→64, bonds=[4, 16, 64, 64, 64, 256, 256, 256, 256, 256, 256, 256, 256, 128, 128, 64, 64, 256, 128, 128, 256, 256, 256, 256, 256, 256, 128, 256, 256, 256, 256, 256, 256, 256, 256, 256, 256, 256, 256, 256, 256, 256, 64, 64, 128, 128, 32, 32, 16, 16, 4, 8, 8, 8, 4]
  swap 7: pos=(17,18), side=right, bond 256→64, bonds=[4, 16, 64, 64, 64, 256, 256, 256, 256, 256, 256, 256, 256, 128, 128, 64, 64, 64, 128, 128, 256, 256, 256, 256, 256, 256, 128, 256, 256, 256, 256, 256, 256, 256, 256, 256, 256, 256, 256, 256, 256, 256, 64, 64, 128, 128, 32, 32, 16, 16, 4, 8, 8, 8, 4]
  swap 8: pos=(20,21), side=right, bond 256→116, bonds=[4, 16, 64, 64, 64, 256, 256, 256, 256, 256, 256, 256, 256, 128, 128, 64, 64, 64, 128, 128, 116, 256, 256, 256, 256, 256, 128, 256, 256, 256, 256, 256, 256, 256, 256, 256, 256, 256, 256, 256, 256, 256, 64, 64, 128, 128, 32, 32, 16, 16, 4, 8, 8, 8, 4]
  swap 9: pos=(21,22), side=left, bond 256→232, bonds=[4, 16, 64, 64, 64, 256, 256, 256, 256, 256, 256, 256, 256, 128, 128, 64, 64, 64, 128, 128, 116, 232, 256, 256, 256, 256, 128, 256, 256, 256, 256, 256, 256, 256, 256, 256, 256, 256, 256, 256, 256, 256, 64, 64, 128, 128, 32, 32, 16, 16, 4, 8, 8, 8, 4]
  swap 10: pos=(27,28), side=left, bond 256→128, bonds=[4, 16, 64, 64, 64, 256, 256, 256, 256, 256, 256, 256, 256, 128, 128, 64, 64, 64, 128, 128, 116, 232, 256, 256, 256, 256, 128, 128, 256, 256, 256, 256, 256, 256, 256, 256, 256, 256, 256, 256, 256, 256, 64, 64, 128, 128, 32, 32, 16, 16, 4, 8, 8, 8, 4]
  swap 11: pos=(28,29), side=right, bond 256→128, bonds=[4, 16, 64, 64, 64, 256, 256, 256, 256, 256, 256, 256, 256, 128, 128, 64, 64, 64, 128, 128, 116, 232, 256, 256, 256, 256, 128, 128, 128, 256, 256, 256, 256, 256, 256, 256, 256, 256, 256, 256, 256, 256, 64, 64, 128, 128, 32, 32, 16, 16, 4, 8, 8, 8, 4]
  swap 12: pos=(29,30), side=right, bond 256→128, bonds=[4, 16, 64, 64, 64, 256, 256, 256, 256, 256, 256, 256, 256, 128, 128, 64, 64, 64, 128, 128, 116, 232, 256, 256, 256, 256, 128, 128, 128, 128, 256, 256, 256, 256, 256, 256, 256, 256, 256, 256, 256, 256, 64, 64, 128, 128, 32, 32, 16, 16, 4, 8, 8, 8, 4]
  swap 13: pos=(34,35), side=left, bond 256→128, bonds=[4, 16, 64, 64, 64, 256, 256, 256, 256, 256, 256, 256, 256, 128, 128, 64, 64, 64, 128, 128, 116, 232, 256, 256, 256, 256, 128, 128, 128, 128, 256, 256, 256, 256, 128, 256, 256, 256, 256, 256, 256, 256, 64, 64, 128, 128, 32, 32, 16, 16, 4, 8, 8, 8, 4]
  swap 14: pos=(35,36), side=right, bond 256→128, bonds=[4, 16, 64, 64, 64, 256, 256, 256, 256, 256, 256, 256, 256, 128, 128, 64, 64, 64, 128, 128, 116, 232, 256, 256, 256, 256, 128, 128, 128, 128, 256, 256, 256, 256, 128, 128, 256, 256, 256, 256, 256, 256, 64, 64, 128, 128, 32, 32, 16, 16, 4, 8, 8, 8, 4]
  swap 15: pos=(36,37), side=both, bond 256→128, bonds=[4, 16, 64, 64, 64, 256, 256, 256, 256, 256, 256, 256, 256, 128, 128, 64, 64, 64, 128, 128, 116, 232, 256, 256, 256, 256, 128, 128, 128, 128, 256, 256, 256, 256, 128, 128, 128, 256, 256, 256, 256, 256, 64, 64, 128, 128, 32, 32, 16, 16, 4, 8, 8, 8, 4]
  swap 16: pos=(37,38), side=right, bond 256→128, bonds=[4, 16, 64, 64, 64, 256, 256, 256, 256, 256, 256, 256, 256, 128, 128, 64, 64, 64, 128, 128, 116, 232, 256, 256, 256, 256, 128, 128, 128, 128, 256, 256, 256, 256, 128, 128, 128, 128, 256, 256, 256, 256, 64, 64, 128, 128, 32, 32, 16, 16, 4, 8, 8, 8, 4]
  swap 17: pos=(38,39), side=right, bond 256→128, bonds=[4, 16, 64, 64, 64, 256, 256, 256, 256, 256, 256, 256, 256, 128, 128, 64, 64, 64, 128, 128, 116, 232, 256, 256, 256, 256, 128, 128, 128, 128, 256, 256, 256, 256, 128, 128, 128, 128, 128, 256, 256, 256, 64, 64, 128, 128, 32, 32, 16, 16, 4, 8, 8, 8, 4]
  swap 18: pos=(39,40), side=right, bond 256→128, bonds=[4, 16, 64, 64, 64, 256, 256, 256, 256, 256, 256, 256, 256, 128, 128, 64, 64, 64, 128, 128, 116, 232, 256, 256, 256, 256, 128, 128, 128, 128, 256, 256, 256, 256, 128, 128, 128, 128, 128, 128, 256, 256, 64, 64, 128, 128, 32, 32, 16, 16, 4, 8, 8, 8, 4]
  swap 19: pos=(40,41), side=right, bond 256→128, bonds=[4, 16, 64, 64, 64, 256, 256, 256, 256, 256, 256, 256, 256, 128, 128, 64, 64, 64, 128, 128, 116, 232, 256, 256, 256, 256, 128, 128, 128, 128, 256, 256, 256, 256, 128, 128, 128, 128, 128, 128, 128, 256, 64, 64, 128, 128, 32, 32, 16, 16, 4, 8, 8, 8, 4]
  swap 20: pos=(41,42), side=both, bond 256→32, bonds=[4, 16, 64, 64, 64, 256, 256, 256, 256, 256, 256, 256, 256, 128, 128, 64, 64, 64, 128, 128, 116, 232, 256, 256, 256, 256, 128, 128, 128, 128, 256, 256, 256, 256, 128, 128, 128, 128, 128, 128, 128, 32, 64, 64, 128, 128, 32, 32, 16, 16, 4, 8, 8, 8, 4]
  swap 21: pos=(19,20), side=left, bond 128→116, bonds=[4, 16, 64, 64, 64, 256, 256, 256, 256, 256, 256, 256, 256, 128, 128, 64, 64, 64, 128, 116, 116, 232, 256, 256, 256, 256, 128, 128, 128, 128, 256, 256, 256, 256, 128, 128, 128, 128, 128, 128, 128, 32, 64, 64, 128, 128, 32, 32, 16, 16, 4, 8, 8, 8, 4]
  swap 22: pos=(44,45), side=right, bond 128→64, bonds=[4, 16, 64, 64, 64, 256, 256, 256, 256, 256, 256, 256, 256, 128, 128, 64, 64, 64, 128, 116, 116, 232, 256, 256, 256, 256, 128, 128, 128, 128, 256, 256, 256, 256, 128, 128, 128, 128, 128, 128, 128, 32, 64, 64, 64, 128, 32, 32, 16, 16, 4, 8, 8, 8, 4]
  swap 23: pos=(45,46), side=left, bond 128→32, bonds=[4, 16, 64, 64, 64, 256, 256, 256, 256, 256, 256, 256, 256, 128, 128, 64, 64, 64, 128, 116, 116, 232, 256, 256, 256, 256, 128, 128, 128, 128, 256, 256, 256, 256, 128, 128, 128, 128, 128, 128, 128, 32, 64, 64, 64, 32, 32, 32, 16, 16, 4, 8, 8, 8, 4]
  swap 24: pos=(2,3), side=both, bond 64→16, bonds=[4, 16, 16, 64, 64, 256, 256, 256, 256, 256, 256, 256, 256, 128, 128, 64, 64, 64, 128, 116, 116, 232, 256, 256, 256, 256, 128, 128, 128, 128, 256, 256, 256, 256, 128, 128, 128, 128, 128, 128, 128, 32, 64, 64, 64, 32, 32, 32, 16, 16, 4, 8, 8, 8, 4]
  swap 25: pos=(42,43), side=right, bond 64→32, bonds=[4, 16, 16, 64, 64, 256, 256, 256, 256, 256, 256, 256, 256, 128, 128, 64, 64, 64, 128, 116, 116, 232, 256, 256, 256, 256, 128, 128, 128, 128, 256, 256, 256, 256, 128, 128, 128, 128, 128, 128, 128, 32, 32, 64, 64, 32, 32, 32, 16, 16, 4, 8, 8, 8, 4]
  swap 26: pos=(43,44), side=both, bond 64→32, bonds=[4, 16, 16, 64, 64, 256, 256, 256, 256, 256, 256, 256, 256, 128, 128, 64, 64, 64, 128, 116, 116, 232, 256, 256, 256, 256, 128, 128, 128, 128, 256, 256, 256, 256, 128, 128, 128, 128, 128, 128, 128, 32, 32, 32, 64, 32, 32, 32, 16, 16, 4, 8, 8, 8, 4]
  swap 27: pos=(47,48), side=left, bond 32→16, bonds=[4, 16, 16, 64, 64, 256, 256, 256, 256, 256, 256, 256, 256, 128, 128, 64, 64, 64, 128, 116, 116, 232, 256, 256, 256, 256, 128, 128, 128, 128, 256, 256, 256, 256, 128, 128, 128, 128, 128, 128, 128, 32, 32, 32, 64, 32, 32, 16, 16, 16, 4, 8, 8, 8, 4]
  swap 28: pos=(1,2), side=left, bond 16→8, bonds=[4, 8, 16, 64, 64, 256, 256, 256, 256, 256, 256, 256, 256, 128, 128, 64, 64, 64, 128, 116, 116, 232, 256, 256, 256, 256, 128, 128, 128, 128, 256, 256, 256, 256, 128, 128, 128, 128, 128, 128, 128, 32, 32, 32, 64, 32, 32, 16, 16, 16, 4, 8, 8, 8, 4]
  swap 29: pos=(49,50), side=left, bond 16→4, bonds=[4, 8, 16, 64, 64, 256, 256, 256, 256, 256, 256, 256, 256, 128, 128, 64, 64, 64, 128, 116, 116, 232, 256, 256, 256, 256, 128, 128, 128, 128, 256, 256, 256, 256, 128, 128, 128, 128, 128, 128, 128, 32, 32, 32, 64, 32, 32, 16, 16, 4, 4, 8, 8, 8, 4]
  swap 30: pos=(51,52), side=both, bond 8→4, bonds=[4, 8, 16, 64, 64, 256, 256, 256, 256, 256, 256, 256, 256, 128, 128, 64, 64, 64, 128, 116, 116, 232, 256, 256, 256, 256, 128, 128, 128, 128, 256, 256, 256, 256, 128, 128, 128, 128, 128, 128, 128, 32, 32, 32, 64, 32, 32, 16, 16, 4, 4, 4, 8, 8, 4]
  swap 31: pos=(52,53), side=right, bond 8→4, bonds=[4, 8, 16, 64, 64, 256, 256, 256, 256, 256, 256, 256, 256, 128, 128, 64, 64, 64, 128, 116, 116, 232, 256, 256, 256, 256, 128, 128, 128, 128, 256, 256, 256, 256, 128, 128, 128, 128, 128, 128, 128, 32, 32, 32, 64, 32, 32, 16, 16, 4, 4, 4, 4, 8, 4]
  swap 32: pos=(53,54), side=left, bond 8→2, bonds=[4, 8, 16, 64, 64, 256, 256, 256, 256, 256, 256, 256, 256, 128, 128, 64, 64, 64, 128, 116, 116, 232, 256, 256, 256, 256, 128, 128, 128, 128, 256, 256, 256, 256, 128, 128, 128, 128, 128, 128, 128, 32, 32, 32, 64, 32, 32, 16, 16, 4, 4, 4, 4, 2, 4]
  swap 33: pos=(0,1), side=both, bond 4→2, bonds=[2, 8, 16, 64, 64, 256, 256, 256, 256, 256, 256, 256, 256, 128, 128, 64, 64, 64, 128, 116, 116, 232, 256, 256, 256, 256, 128, 128, 128, 128, 256, 256, 256, 256, 128, 128, 128, 128, 128, 128, 128, 32, 32, 32, 64, 32, 32, 16, 16, 4, 4, 4, 4, 2, 4]
  swap 34: pos=(54,55), side=left, bond 4→1, bonds=[2, 8, 16, 64, 64, 256, 256, 256, 256, 256, 256, 256, 256, 128, 128, 64, 64, 64, 128, 116, 116, 232, 256, 256, 256, 256, 128, 128, 128, 128, 256, 256, 256, 256, 128, 128, 128, 128, 128, 128, 128, 32, 32, 32, 64, 32, 32, 16, 16, 4, 4, 4, 4, 2, 1]
  swap 35: pos=(12,13), side=right, bond 256→128, bonds=[2, 8, 16, 64, 64, 256, 256, 256, 256, 256, 256, 256, 128, 128, 128, 64, 64, 64, 128, 116, 116, 232, 256, 256, 256, 256, 128, 128, 128, 128, 256, 256, 256, 256, 128, 128, 128, 128, 128, 128, 128, 32, 32, 32, 64, 32, 32, 16, 16, 4, 4, 4, 4, 2, 1]
  swap 36: pos=(33,34), side=right, bond 256→128, bonds=[2, 8, 16, 64, 64, 256, 256, 256, 256, 256, 256, 256, 128, 128, 128, 64, 64, 64, 128, 116, 116, 232, 256, 256, 256, 256, 128, 128, 128, 128, 256, 256, 256, 128, 128, 128, 128, 128, 128, 128, 128, 32, 32, 32, 64, 32, 32, 16, 16, 4, 4, 4, 4, 2, 1]
  swap 37: pos=(21,22), side=left, bond 232→225, bonds=[2, 8, 16, 64, 64, 256, 256, 256, 256, 256, 256, 256, 128, 128, 128, 64, 64, 64, 128, 116, 116, 225, 256, 256, 256, 256, 128, 128, 128, 128, 256, 256, 256, 128, 128, 128, 128, 128, 128, 128, 128, 32, 32, 32, 64, 32, 32, 16, 16, 4, 4, 4, 4, 2, 1]
  swap 38: pos=(27,28), side=right, bond 128→64, bonds=[2, 8, 16, 64, 64, 256, 256, 256, 256, 256, 256, 256, 128, 128, 128, 64, 64, 64, 128, 116, 116, 225, 256, 256, 256, 256, 128, 64, 128, 128, 256, 256, 256, 128, 128, 128, 128, 128, 128, 128, 128, 32, 32, 32, 64, 32, 32, 16, 16, 4, 4, 4, 4, 2, 1]
  swap 39: pos=(28,29), side=right, bond 128→64, bonds=[2, 8, 16, 64, 64, 256, 256, 256, 256, 256, 256, 256, 128, 128, 128, 64, 64, 64, 128, 116, 116, 225, 256, 256, 256, 256, 128, 64, 64, 128, 256, 256, 256, 128, 128, 128, 128, 128, 128, 128, 128, 32, 32, 32, 64, 32, 32, 16, 16, 4, 4, 4, 4, 2, 1]
  swap 40: pos=(40,41), side=left, bond 128→32, bonds=[2, 8, 16, 64, 64, 256, 256, 256, 256, 256, 256, 256, 128, 128, 128, 64, 64, 64, 128, 116, 116, 225, 256, 256, 256, 256, 128, 64, 64, 128, 256, 256, 256, 128, 128, 128, 128, 128, 128, 128, 32, 32, 32, 32, 64, 32, 32, 16, 16, 4, 4, 4, 4, 2, 1]
  swap 41: pos=(3,4), side=right, bond 64→16, bonds=[2, 8, 16, 16, 64, 256, 256, 256, 256, 256, 256, 256, 128, 128, 128, 64, 64, 64, 128, 116, 116, 225, 256, 256, 256, 256, 128, 64, 64, 128, 256, 256, 256, 128, 128, 128, 128, 128, 128, 128, 32, 32, 32, 32, 64, 32, 32, 16, 16, 4, 4, 4, 4, 2, 1]
  swap 42: pos=(44,45), side=left, bond 64→16, bonds=[2, 8, 16, 16, 64, 256, 256, 256, 256, 256, 256, 256, 128, 128, 128, 64, 64, 64, 128, 116, 116, 225, 256, 256, 256, 256, 128, 64, 64, 128, 256, 256, 256, 128, 128, 128, 128, 128, 128, 128, 32, 32, 32, 32, 16, 32, 32, 16, 16, 4, 4, 4, 4, 2, 1]
  swap 43: pos=(43,44), side=both, bond 32→16, bonds=[2, 8, 16, 16, 64, 256, 256, 256, 256, 256, 256, 256, 128, 128, 128, 64, 64, 64, 128, 116, 116, 225, 256, 256, 256, 256, 128, 64, 64, 128, 256, 256, 256, 128, 128, 128, 128, 128, 128, 128, 32, 32, 32, 16, 16, 32, 32, 16, 16, 4, 4, 4, 4, 2, 1]
  swap 44: pos=(2,3), side=right, bond 16→8, bonds=[2, 8, 8, 16, 64, 256, 256, 256, 256, 256, 256, 256, 128, 128, 128, 64, 64, 64, 128, 116, 116, 225, 256, 256, 256, 256, 128, 64, 64, 128, 256, 256, 256, 128, 128, 128, 128, 128, 128, 128, 32, 32, 32, 16, 16, 32, 32, 16, 16, 4, 4, 4, 4, 2, 1]
  swap 45: pos=(48,49), side=left, bond 16→4, bonds=[2, 8, 8, 16, 64, 256, 256, 256, 256, 256, 256, 256, 128, 128, 128, 64, 64, 64, 128, 116, 116, 225, 256, 256, 256, 256, 128, 64, 64, 128, 256, 256, 256, 128, 128, 128, 128, 128, 128, 128, 32, 32, 32, 16, 16, 32, 32, 16, 4, 4, 4, 4, 4, 2, 1]
  swap 46: pos=(1,2), side=right, bond 8→2, bonds=[2, 2, 8, 16, 64, 256, 256, 256, 256, 256, 256, 256, 128, 128, 128, 64, 64, 64, 128, 116, 116, 225, 256, 256, 256, 256, 128, 64, 64, 128, 256, 256, 256, 128, 128, 128, 128, 128, 128, 128, 32, 32, 32, 16, 16, 32, 32, 16, 4, 4, 4, 4, 4, 2, 1]
  swap 47: pos=(52,53), side=both, bond 4→2, bonds=[2, 2, 8, 16, 64, 256, 256, 256, 256, 256, 256, 256, 128, 128, 128, 64, 64, 64, 128, 116, 116, 225, 256, 256, 256, 256, 128, 64, 64, 128, 256, 256, 256, 128, 128, 128, 128, 128, 128, 128, 32, 32, 32, 16, 16, 32, 32, 16, 4, 4, 4, 4, 2, 2, 1]
  swap 48: pos=(0,1), side=both, bond 2→1, bonds=[1, 2, 8, 16, 64, 256, 256, 256, 256, 256, 256, 256, 128, 128, 128, 64, 64, 64, 128, 116, 116, 225, 256, 256, 256, 256, 128, 64, 64, 128, 256, 256, 256, 128, 128, 128, 128, 128, 128, 128, 32, 32, 32, 16, 16, 32, 32, 16, 4, 4, 4, 4, 2, 2, 1]
  swap 49: pos=(53,54), side=both, bond 2→1, bonds=[1, 2, 8, 16, 64, 256, 256, 256, 256, 256, 256, 256, 128, 128, 128, 64, 64, 64, 128, 116, 116, 225, 256, 256, 256, 256, 128, 64, 64, 128, 256, 256, 256, 128, 128, 128, 128, 128, 128, 128, 32, 32, 32, 16, 16, 32, 32, 16, 4, 4, 4, 4, 2, 1, 1]
  swap 50: pos=(39,40), side=left, bond 128→32, bonds=[1, 2, 8, 16, 64, 256, 256, 256, 256, 256, 256, 256, 128, 128, 128, 64, 64, 64, 128, 116, 116, 225, 256, 256, 256, 256, 128, 64, 64, 128, 256, 256, 256, 128, 128, 128, 128, 128, 128, 32, 32, 32, 32, 16, 16, 32, 32, 16, 4, 4, 4, 4, 2, 1, 1]
  swap 51: pos=(42,43), side=left, bond 32→8, bonds=[1, 2, 8, 16, 64, 256, 256, 256, 256, 256, 256, 256, 128, 128, 128, 64, 64, 64, 128, 116, 116, 225, 256, 256, 256, 256, 128, 64, 64, 128, 256, 256, 256, 128, 128, 128, 128, 128, 128, 32, 32, 32, 8, 16, 16, 32, 32, 16, 4, 4, 4, 4, 2, 1, 1]
  swap 52: pos=(43,44), side=both, bond 16→8, bonds=[1, 2, 8, 16, 64, 256, 256, 256, 256, 256, 256, 256, 128, 128, 128, 64, 64, 64, 128, 116, 116, 225, 256, 256, 256, 256, 128, 64, 64, 128, 256, 256, 256, 128, 128, 128, 128, 128, 128, 32, 32, 32, 8, 8, 16, 32, 32, 16, 4, 4, 4, 4, 2, 1, 1]
  swap 53: pos=(47,48), side=left, bond 16→8, bonds=[1, 2, 8, 16, 64, 256, 256, 256, 256, 256, 256, 256, 128, 128, 128, 64, 64, 64, 128, 116, 116, 225, 256, 256, 256, 256, 128, 64, 64, 128, 256, 256, 256, 128, 128, 128, 128, 128, 128, 32, 32, 32, 8, 8, 16, 32, 32, 8, 4, 4, 4, 4, 2, 1, 1]
  swap 54: pos=(2,3), side=right, bond 8→4, bonds=[1, 2, 4, 16, 64, 256, 256, 256, 256, 256, 256, 256, 128, 128, 128, 64, 64, 64, 128, 116, 116, 225, 256, 256, 256, 256, 128, 64, 64, 128, 256, 256, 256, 128, 128, 128, 128, 128, 128, 32, 32, 32, 8, 8, 16, 32, 32, 8, 4, 4, 4, 4, 2, 1, 1]
  swap 55: pos=(51,52), side=both, bond 4→2, bonds=[1, 2, 4, 16, 64, 256, 256, 256, 256, 256, 256, 256, 128, 128, 128, 64, 64, 64, 128, 116, 116, 225, 256, 256, 256, 256, 128, 64, 64, 128, 256, 256, 256, 128, 128, 128, 128, 128, 128, 32, 32, 32, 8, 8, 16, 32, 32, 8, 4, 4, 4, 2, 2, 1, 1]
  swap 56: pos=(38,39), side=left, bond 128→32, bonds=[1, 2, 4, 16, 64, 256, 256, 256, 256, 256, 256, 256, 128, 128, 128, 64, 64, 64, 128, 116, 116, 225, 256, 256, 256, 256, 128, 64, 64, 128, 256, 256, 256, 128, 128, 128, 128, 128, 32, 32, 32, 32, 8, 8, 16, 32, 32, 8, 4, 4, 4, 2, 2, 1, 1]
  swap 57: pos=(41,42), side=left, bond 32→8, bonds=[1, 2, 4, 16, 64, 256, 256, 256, 256, 256, 256, 256, 128, 128, 128, 64, 64, 64, 128, 116, 116, 225, 256, 256, 256, 256, 128, 64, 64, 128, 256, 256, 256, 128, 128, 128, 128, 128, 32, 32, 32, 8, 8, 8, 16, 32, 32, 8, 4, 4, 4, 2, 2, 1, 1]
  swap 58: pos=(46,47), side=left, bond 32→16, bonds=[1, 2, 4, 16, 64, 256, 256, 256, 256, 256, 256, 256, 128, 128, 128, 64, 64, 64, 128, 116, 116, 225, 256, 256, 256, 256, 128, 64, 64, 128, 256, 256, 256, 128, 128, 128, 128, 128, 32, 32, 32, 8, 8, 8, 16, 32, 16, 8, 4, 4, 4, 2, 2, 1, 1]
  swap 59: pos=(50,51), side=both, bond 4→2, bonds=[1, 2, 4, 16, 64, 256, 256, 256, 256, 256, 256, 256, 128, 128, 128, 64, 64, 64, 128, 116, 116, 225, 256, 256, 256, 256, 128, 64, 64, 128, 256, 256, 256, 128, 128, 128, 128, 128, 32, 32, 32, 8, 8, 8, 16, 32, 16, 8, 4, 4, 2, 2, 2, 1, 1]
  swap 60: pos=(37,38), side=left, bond 128→32, bonds=[1, 2, 4, 16, 64, 256, 256, 256, 256, 256, 256, 256, 128, 128, 128, 64, 64, 64, 128, 116, 116, 225, 256, 256, 256, 256, 128, 64, 64, 128, 256, 256, 256, 128, 128, 128, 128, 32, 32, 32, 32, 8, 8, 8, 16, 32, 16, 8, 4, 4, 2, 2, 2, 1, 1]
  swap 61: pos=(40,41), side=left, bond 32→8, bonds=[1, 2, 4, 16, 64, 256, 256, 256, 256, 256, 256, 256, 128, 128, 128, 64, 64, 64, 128, 116, 116, 225, 256, 256, 256, 256, 128, 64, 64, 128, 256, 256, 256, 128, 128, 128, 128, 32, 32, 32, 8, 8, 8, 8, 16, 32, 16, 8, 4, 4, 2, 2, 2, 1, 1]
  swap 62: pos=(45,46), side=left, bond 32→8, bonds=[1, 2, 4, 16, 64, 256, 256, 256, 256, 256, 256, 256, 128, 128, 128, 64, 64, 64, 128, 116, 116, 225, 256, 256, 256, 256, 128, 64, 64, 128, 256, 256, 256, 128, 128, 128, 128, 32, 32, 32, 8, 8, 8, 8, 16, 8, 16, 8, 4, 4, 2, 2, 2, 1, 1]
  swap 63: pos=(44,45), side=left, bond 16→4, bonds=[1, 2, 4, 16, 64, 256, 256, 256, 256, 256, 256, 256, 128, 128, 128, 64, 64, 64, 128, 116, 116, 225, 256, 256, 256, 256, 128, 64, 64, 128, 256, 256, 256, 128, 128, 128, 128, 32, 32, 32, 8, 8, 8, 8, 4, 8, 16, 8, 4, 4, 2, 2, 2, 1, 1]
  swap 64: pos=(43,44), side=both, bond 8→4, bonds=[1, 2, 4, 16, 64, 256, 256, 256, 256, 256, 256, 256, 128, 128, 128, 64, 64, 64, 128, 116, 116, 225, 256, 256, 256, 256, 128, 64, 64, 128, 256, 256, 256, 128, 128, 128, 128, 32, 32, 32, 8, 8, 8, 4, 4, 8, 16, 8, 4, 4, 2, 2, 2, 1, 1]
  swap 65: pos=(49,50), side=both, bond 4→2, bonds=[1, 2, 4, 16, 64, 256, 256, 256, 256, 256, 256, 256, 128, 128, 128, 64, 64, 64, 128, 116, 116, 225, 256, 256, 256, 256, 128, 64, 64, 128, 256, 256, 256, 128, 128, 128, 128, 32, 32, 32, 8, 8, 8, 4, 4, 8, 16, 8, 4, 2, 2, 2, 2, 1, 1]
  swap 66: pos=(39,40), side=left, bond 32→8, bonds=[1, 2, 4, 16, 64, 256, 256, 256, 256, 256, 256, 256, 128, 128, 128, 64, 64, 64, 128, 116, 116, 225, 256, 256, 256, 256, 128, 64, 64, 128, 256, 256, 256, 128, 128, 128, 128, 32, 32, 8, 8, 8, 8, 4, 4, 8, 16, 8, 4, 2, 2, 2, 2, 1, 1]
  swap 67: pos=(42,43), side=left, bond 8→2, bonds=[1, 2, 4, 16, 64, 256, 256, 256, 256, 256, 256, 256, 128, 128, 128, 64, 64, 64, 128, 116, 116, 225, 256, 256, 256, 256, 128, 64, 64, 128, 256, 256, 256, 128, 128, 128, 128, 32, 32, 8, 8, 8, 2, 4, 4, 8, 16, 8, 4, 2, 2, 2, 2, 1, 1]
  swap 68: pos=(43,44), side=both, bond 4→2, bonds=[1, 2, 4, 16, 64, 256, 256, 256, 256, 256, 256, 256, 128, 128, 128, 64, 64, 64, 128, 116, 116, 225, 256, 256, 256, 256, 128, 64, 64, 128, 256, 256, 256, 128, 128, 128, 128, 32, 32, 8, 8, 8, 2, 2, 4, 8, 16, 8, 4, 2, 2, 2, 2, 1, 1]
  swap 69: pos=(38,39), side=left, bond 32→8, bonds=[1, 2, 4, 16, 64, 256, 256, 256, 256, 256, 256, 256, 128, 128, 128, 64, 64, 64, 128, 116, 116, 225, 256, 256, 256, 256, 128, 64, 64, 128, 256, 256, 256, 128, 128, 128, 128, 32, 8, 8, 8, 8, 2, 2, 4, 8, 16, 8, 4, 2, 2, 2, 2, 1, 1]
  swap 70: pos=(41,42), side=left, bond 8→2, bonds=[1, 2, 4, 16, 64, 256, 256, 256, 256, 256, 256, 256, 128, 128, 128, 64, 64, 64, 128, 116, 116, 225, 256, 256, 256, 256, 128, 64, 64, 128, 256, 256, 256, 128, 128, 128, 128, 32, 8, 8, 8, 2, 2, 2, 4, 8, 16, 8, 4, 2, 2, 2, 2, 1, 1]
  swap 71: pos=(40,41), side=both, bond 8→2, bonds=[1, 2, 4, 16, 64, 256, 256, 256, 256, 256, 256, 256, 128, 128, 128, 64, 64, 64, 128, 116, 116, 225, 256, 256, 256, 256, 128, 64, 64, 128, 256, 256, 256, 128, 128, 128, 128, 32, 8, 8, 2, 2, 2, 2, 4, 8, 16, 8, 4, 2, 2, 2, 2, 1, 1]
  swap 72: pos=(39,40), side=both, bond 8→2, bonds=[1, 2, 4, 16, 64, 256, 256, 256, 256, 256, 256, 256, 128, 128, 128, 64, 64, 64, 128, 116, 116, 225, 256, 256, 256, 256, 128, 64, 64, 128, 256, 256, 256, 128, 128, 128, 128, 32, 8, 2, 2, 2, 2, 2, 4, 8, 16, 8, 4, 2, 2, 2, 2, 1, 1]
Unswap done: 72 swaps in 10 rounds, bonds=[1, 2, 4, 16, 64, 256, 256, 256, 256, 256, 256, 256, 128, 128, 128, 64, 64, 64, 128, 116, 116, 225, 256, 256, 256, 256, 128, 64, 64, 128, 256, 256, 256, 128, 128, 128, 128, 32, 8, 2, 2, 2, 2, 2, 4, 8, 16, 8, 4, 2, 2, 2, 2, 1, 1], max=256, elems=4452668
  After: max_bond=256, swaps=72
